proguard_logs/mapping.txt
com.myrenas.fourinarow.fourinarow -> com.myrenas.fourinarow.fourinarow:
    void onCreate(android.os.Bundle) -> onCreate
...
org.apache.cordova.SplashScreen -> org.apache.cordova.SplashScreen:
    boolean execute(java.lang.String,org.json.JSONArray,org.apache.cordova.api.CallbackContext) -> a
org.apache.cordova.StandAlone -> org.apache.cordova.StandAlone:
    void onCreate(android.os.Bundle) -> onCreate
org.apache.cordova.Storage -> org.apache.cordova.Storage:
    android.database.sqlite.SQLiteDatabase myDb -> a
    java.lang.String path -> b
    java.lang.String dbName -> c
    boolean execute(java.lang.String,org.json.JSONArray,org.apache.cordova.api.CallbackContext) -> a
    void onDestroy() -> a
    void onReset() -> b
    void openDatabase(java.lang.String,java.lang.String,java.lang.String,long) -> a
    void executeSql(java.lang.String,java.lang.String[],java.lang.String) -> a
    boolean isDDL(java.lang.String) -> a
    void processResults(android.database.Cursor,java.lang.String) -> a
org.apache.cordova.api.CallbackContext -> org.apache.cordova.api.CallbackContext:
    java.lang.String callbackId -> a
    org.apache.cordova.CordovaWebView webView -> b
    boolean finished -> c
    boolean isFinished() -> a
    java.lang.String getCallbackId() -> b
    void sendPluginResult(org.apache.cordova.api.PluginResult) -> a
    void success(org.json.JSONObject) -> a
    void success(java.lang.String) -> a
    void success(org.json.JSONArray) -> a
    void success(byte[]) -> a
    void success() -> c
    void error(org.json.JSONObject) -> b
    void error(java.lang.String) -> b
    void error(int) -> a
org.apache.cordova.api.CordovaInterface -> org.apache.cordova.api.CordovaInterface:
    void startActivityForResult(org.apache.cordova.api.CordovaPlugin,android.content.Intent,int) -> a
    android.app.Activity getActivity() -> a
    java.lang.Object onMessage(java.lang.String,java.lang.Object) -> b
    java.util.concurrent.ExecutorService getThreadPool() -> g
org.apache.cordova.api.CordovaPlugin -> org.apache.cordova.api.CordovaPlugin:
    org.apache.cordova.CordovaWebView webView -> q
    org.apache.cordova.api.CordovaInterface cordova -> r
    boolean $assertionsDisabled -> s
    void initialize(org.apache.cordova.api.CordovaInterface,org.apache.cordova.CordovaWebView) -> a
    boolean execute(java.lang.String,java.lang.String,org.apache.cordova.api.CallbackContext) -> a
    boolean execute(java.lang.String,org.json.JSONArray,org.apache.cordova.api.CallbackContext) -> a
    boolean execute(java.lang.String,org.apache.cordova.CordovaArgs,org.apache.cordova.api.CallbackContext) -> a
    void onPause(boolean) -> b
    void onResume(boolean) -> c
    void onNewIntent(android.content.Intent) -> a
    void onDestroy() -> a
    java.lang.Object onMessage(java.lang.String,java.lang.Object) -> a
    void onActivityResult(int,int,android.content.Intent) -> a
    boolean onOverrideUrlLoading(java.lang.String) -> e
    void onReset() -> b
org.apache.cordova.api.LOG -> org.apache.cordova.api.LOG:
    int LOGLEVEL -> a
    void setLogLevel(java.lang.String) -> a
    boolean isLoggable(int) -> a
    void v(java.lang.String,java.lang.String) -> a
    void d(java.lang.String,java.lang.String) -> b
    void i(java.lang.String,java.lang.String) -> c
    void w(java.lang.String,java.lang.String) -> d
    void e(java.lang.String,java.lang.String) -> e
    void e(java.lang.String,java.lang.String,java.lang.Throwable) -> a
    void v(java.lang.String,java.lang.String,java.lang.Object[]) -> a
    void d(java.lang.String,java.lang.String,java.lang.Object[]) -> b
    void i(java.lang.String,java.lang.String,java.lang.Object[]) -> c
org.apache.cordova.api.LegacyContext -> org.apache.cordova.api.LegacyContext:
    org.apache.cordova.api.CordovaInterface cordova -> a
    android.app.Activity getActivity() -> a
    java.lang.Object onMessage(java.lang.String,java.lang.Object) -> b
    void startActivityForResult(org.apache.cordova.api.CordovaPlugin,android.content.Intent,int) -> a
    java.util.concurrent.ExecutorService getThreadPool() -> g