proguard_logs/usage.txt
com.myrenas.fourinarow.BuildConfig
com.myrenas.fourinarow.R
com.myrenas.fourinarow.R$attr
com.myrenas.fourinarow.R$drawable
com.myrenas.fourinarow.R$layout
com.myrenas.fourinarow.R$string
com.myrenas.fourinarow.R$xml
...
org.apache.cordova.CordovaWebView$ActivityResult:
    int request
    int result
    android.content.Intent incoming
    final synthetic org.apache.cordova.CordovaWebView this$0
    108:112:public CordovaWebView$ActivityResult(org.apache.cordova.CordovaWebView,int,int,android.content.Intent)
org.apache.cordova.CordovaWebView$Level16Apis:
    899:899:private CordovaWebView$Level16Apis()
org.apache.cordova.CordovaWebViewClient:
    private static final java.lang.String TAG
    private static final java.lang.String CORDOVA_EXEC_URL_PREFIX
    63:65:public CordovaWebViewClient(org.apache.cordova.api.CordovaInterface)
    91:104:private void handleExecUrl(java.lang.String)
    421:428:public void setAuthenticationToken(org.apache.cordova.AuthenticationToken,java.lang.String,java.lang.String)
    439:439:public org.apache.cordova.AuthenticationToken removeAuthenticationToken(java.lang.String,java.lang.String)
    482:483:public void clearAuthenticationTokens()
org.apache.cordova.Device:
    public static final java.lang.String TAG
    147:147:public java.lang.String getPlatform()
    166:166:public java.lang.String getCordovaVersion()
    191:192:public java.lang.String getSDKVersion()
    196:197:public java.lang.String getTimeZoneID()
org.apache.cordova.DirectoryManager:
    private static final java.lang.String LOG_TAG
org.apache.cordova.DroidGap:
    protected org.apache.cordova.CordovaWebViewClient webViewClient
    private int lastRequestCode
    private java.lang.Object responseCode
    private android.content.Intent lastIntent
    private java.lang.Object lastResponseCode
    private java.lang.Object LOG_TAG
    205:208:public void setAuthenticationToken(org.apache.cordova.AuthenticationToken,java.lang.String,java.lang.String)
    219:222:public org.apache.cordova.AuthenticationToken removeAuthenticationToken(java.lang.String,java.lang.String)
    240:243:public org.apache.cordova.AuthenticationToken getAuthenticationToken(java.lang.String,java.lang.String)
    250:253:public void clearAuthenticationTokens()
    430:438:public void loadUrl(java.lang.String,int)
    446:447:public void cancelLoadUrl()
    453:457:public void clearCache()
    463:464:public void clearHistory()
    472:475:public boolean backHistory()
    570:583:public double getDoubleProperty(java.lang.String,double)
    593:595:public void setBooleanProperty(java.lang.String,boolean)
    604:606:public void setIntegerProperty(java.lang.String,int)
    615:617:public void setStringProperty(java.lang.String,java.lang.String)
    626:628:public void setDoubleProperty(java.lang.String,double)
    738:741:public void addService(java.lang.String,java.lang.String)
    750:753:public void sendJavascript(java.lang.String)
    860:861:public void setActivityResultCallback(org.apache.cordova.api.CordovaPlugin)
org.apache.cordova.FileProgressResult:
    34:34:public boolean getLengthComputable()
    42:42:public long getLoaded()
    50:50:public long getTotal()
org.apache.cordova.FileTransfer:
    private static final java.lang.String LOG_TAG
    private static final java.lang.String LINE_START
    private static final java.lang.String LINE_END
    private static final java.lang.String BOUNDARY
    private static final int MAX_BUFFER_SIZE
org.apache.cordova.FileUploadResult:
    35:35:public long getBytesSent()
    43:43:public int getResponseCode()
    51:51:public java.lang.String getResponse()
    59:59:public java.lang.String getObjectId()
    63:64:public void setObjectId(java.lang.String)
org.apache.cordova.FileUtils:
    private static final java.lang.String LOG_TAG
    private static final java.lang.String _DATA
    java.io.FileReader f_in
    java.io.FileWriter f_out
    940:952:public boolean isSynch(java.lang.String)